<?xml version="1.0" encoding="UTF-8"?>
<testsuite xmlns:xsi="http://www.w3.org/2001/XMLSchema-instance" xsi:noNamespaceSchemaLocation="https://maven.apache.org/surefire/maven-surefire-plugin/xsd/surefire-test-report.xsd" name="org.springframework.samples.petclinic.service.OwnerServiceTests" time="129.742" tests="4" errors="0" skipped="0" failures="0">
  <properties>
    <property name="sun.desktop" value="windows"/>
    <property name="awt.toolkit" value="sun.awt.windows.WToolkit"/>
    <property name="git.tags" value=""/>
    <property name="java.specification.version" value="11"/>
    <property name="sun.cpu.isalist" value="amd64"/>
    <property name="sun.jnu.encoding" value="Cp1252"/>
    <property name="git.build.version" value="2.2.0.BUILD-SNAPSHOT"/>
    <property name="java.class.path" value="C:\Users\japar\Google Drive\Cursos\GrupoID\2021\MicroServicios\spring-petclinic\spring-petclinic-monolith\target\test-classes;C:\Users\japar\Google Drive\Cursos\GrupoID\2021\MicroServicios\spring-petclinic\spring-petclinic-monolith\target\classes;C:\Users\japar\.m2\repository\org\springframework\boot\spring-boot-starter-cache\2.2.4.RELEASE\spring-boot-starter-cache-2.2.4.RELEASE.jar;C:\Users\japar\.m2\repository\org\springframework\boot\spring-boot-starter\2.2.4.RELEASE\spring-boot-starter-2.2.4.RELEASE.jar;C:\Users\japar\.m2\repository\org\springframework\boot\spring-boot-starter-logging\2.2.4.RELEASE\spring-boot-starter-logging-2.2.4.RELEASE.jar;C:\Users\japar\.m2\repository\ch\qos\logback\logback-classic\1.2.3\logback-classic-1.2.3.jar;C:\Users\japar\.m2\repository\ch\qos\logback\logback-core\1.2.3\logback-core-1.2.3.jar;C:\Users\japar\.m2\repository\org\apache\logging\log4j\log4j-to-slf4j\2.12.1\log4j-to-slf4j-2.12.1.jar;C:\Users\japar\.m2\repository\org\apache\logging\log4j\log4j-api\2.12.1\log4j-api-2.12.1.jar;C:\Users\japar\.m2\repository\org\slf4j\jul-to-slf4j\1.7.30\jul-to-slf4j-1.7.30.jar;C:\Users\japar\.m2\repository\jakarta\annotation\jakarta.annotation-api\1.3.5\jakarta.annotation-api-1.3.5.jar;C:\Users\japar\.m2\repository\org\yaml\snakeyaml\1.25\snakeyaml-1.25.jar;C:\Users\japar\.m2\repository\org\springframework\spring-context-support\5.2.3.RELEASE\spring-context-support-5.2.3.RELEASE.jar;C:\Users\japar\.m2\repository\org\springframework\boot\spring-boot-starter-data-jpa\2.2.4.RELEASE\spring-boot-starter-data-jpa-2.2.4.RELEASE.jar;C:\Users\japar\.m2\repository\org\springframework\boot\spring-boot-starter-aop\2.2.4.RELEASE\spring-boot-starter-aop-2.2.4.RELEASE.jar;C:\Users\japar\.m2\repository\org\aspectj\aspectjweaver\1.9.5\aspectjweaver-1.9.5.jar;C:\Users\japar\.m2\repository\org\springframework\boot\spring-boot-starter-jdbc\2.2.4.RELEASE\spring-boot-starter-jdbc-2.2.4.RELEASE.jar;C:\Users\japar\.m2\repository\com\zaxxer\HikariCP\3.4.2\HikariCP-3.4.2.jar;C:\Users\japar\.m2\repository\org\springframework\spring-jdbc\5.2.3.RELEASE\spring-jdbc-5.2.3.RELEASE.jar;C:\Users\japar\.m2\repository\jakarta\activation\jakarta.activation-api\1.2.1\jakarta.activation-api-1.2.1.jar;C:\Users\japar\.m2\repository\jakarta\persistence\jakarta.persistence-api\2.2.3\jakarta.persistence-api-2.2.3.jar;C:\Users\japar\.m2\repository\jakarta\transaction\jakarta.transaction-api\1.3.3\jakarta.transaction-api-1.3.3.jar;C:\Users\japar\.m2\repository\org\hibernate\hibernate-core\5.4.10.Final\hibernate-core-5.4.10.Final.jar;C:\Users\japar\.m2\repository\org\javassist\javassist\3.24.0-GA\javassist-3.24.0-GA.jar;C:\Users\japar\.m2\repository\net\bytebuddy\byte-buddy\1.10.6\byte-buddy-1.10.6.jar;C:\Users\japar\.m2\repository\antlr\antlr\2.7.7\antlr-2.7.7.jar;C:\Users\japar\.m2\repository\org\jboss\jandex\2.1.1.Final\jandex-2.1.1.Final.jar;C:\Users\japar\.m2\repository\com\fasterxml\classmate\1.5.1\classmate-1.5.1.jar;C:\Users\japar\.m2\repository\org\dom4j\dom4j\2.1.1\dom4j-2.1.1.jar;C:\Users\japar\.m2\repository\org\hibernate\common\hibernate-commons-annotations\5.1.0.Final\hibernate-commons-annotations-5.1.0.Final.jar;C:\Users\japar\.m2\repository\org\springframework\data\spring-data-jpa\2.2.4.RELEASE\spring-data-jpa-2.2.4.RELEASE.jar;C:\Users\japar\.m2\repository\org\springframework\data\spring-data-commons\2.2.4.RELEASE\spring-data-commons-2.2.4.RELEASE.jar;C:\Users\japar\.m2\repository\org\springframework\spring-orm\5.2.3.RELEASE\spring-orm-5.2.3.RELEASE.jar;C:\Users\japar\.m2\repository\org\springframework\spring-tx\5.2.3.RELEASE\spring-tx-5.2.3.RELEASE.jar;C:\Users\japar\.m2\repository\org\springframework\spring-aspects\5.2.3.RELEASE\spring-aspects-5.2.3.RELEASE.jar;C:\Users\japar\.m2\repository\org\springframework\boot\spring-boot-starter-web\2.2.4.RELEASE\spring-boot-starter-web-2.2.4.RELEASE.jar;C:\Users\japar\.m2\repository\org\springframework\boot\spring-boot-starter-json\2.2.4.RELEASE\spring-boot-starter-json-2.2.4.RELEASE.jar;C:\Users\japar\.m2\repository\com\fasterxml\jackson\core\jackson-databind\2.10.2\jackson-databind-2.10.2.jar;C:\Users\japar\.m2\repository\com\fasterxml\jackson\core\jackson-annotations\2.10.2\jackson-annotations-2.10.2.jar;C:\Users\japar\.m2\repository\com\fasterxml\jackson\datatype\jackson-datatype-jdk8\2.10.2\jackson-datatype-jdk8-2.10.2.jar;C:\Users\japar\.m2\repository\com\fasterxml\jackson\datatype\jackson-datatype-jsr310\2.10.2\jackson-datatype-jsr310-2.10.2.jar;C:\Users\japar\.m2\repository\com\fasterxml\jackson\module\jackson-module-parameter-names\2.10.2\jackson-module-parameter-names-2.10.2.jar;C:\Users\japar\.m2\repository\org\springframework\boot\spring-boot-starter-tomcat\2.2.4.RELEASE\spring-boot-starter-tomcat-2.2.4.RELEASE.jar;C:\Users\japar\.m2\repository\org\apache\tomcat\embed\tomcat-embed-websocket\9.0.30\tomcat-embed-websocket-9.0.30.jar;C:\Users\japar\.m2\repository\org\springframework\boot\spring-boot-starter-validation\2.2.4.RELEASE\spring-boot-starter-validation-2.2.4.RELEASE.jar;C:\Users\japar\.m2\repository\jakarta\validation\jakarta.validation-api\2.0.2\jakarta.validation-api-2.0.2.jar;C:\Users\japar\.m2\repository\org\hibernate\validator\hibernate-validator\6.0.18.Final\hibernate-validator-6.0.18.Final.jar;C:\Users\japar\.m2\repository\org\springframework\spring-web\5.2.3.RELEASE\spring-web-5.2.3.RELEASE.jar;C:\Users\japar\.m2\repository\org\springframework\spring-webmvc\5.2.3.RELEASE\spring-webmvc-5.2.3.RELEASE.jar;C:\Users\japar\.m2\repository\org\springframework\boot\spring-boot-starter-security\2.2.4.RELEASE\spring-boot-starter-security-2.2.4.RELEASE.jar;C:\Users\japar\.m2\repository\org\springframework\spring-aop\5.2.3.RELEASE\spring-aop-5.2.3.RELEASE.jar;C:\Users\japar\.m2\repository\org\springframework\security\spring-security-config\5.2.1.RELEASE\spring-security-config-5.2.1.RELEASE.jar;C:\Users\japar\.m2\repository\org\springframework\security\spring-security-web\5.2.1.RELEASE\spring-security-web-5.2.1.RELEASE.jar;C:\Users\japar\.m2\repository\org\springframework\boot\spring-boot-starter-actuator\2.2.4.RELEASE\spring-boot-starter-actuator-2.2.4.RELEASE.jar;C:\Users\japar\.m2\repository\org\springframework\boot\spring-boot-actuator-autoconfigure\2.2.4.RELEASE\spring-boot-actuator-autoconfigure-2.2.4.RELEASE.jar;C:\Users\japar\.m2\repository\org\springframework\boot\spring-boot-actuator\2.2.4.RELEASE\spring-boot-actuator-2.2.4.RELEASE.jar;C:\Users\japar\.m2\repository\io\micrometer\micrometer-core\1.3.2\micrometer-core-1.3.2.jar;C:\Users\japar\.m2\repository\org\hdrhistogram\HdrHistogram\2.1.11\HdrHistogram-2.1.11.jar;C:\Users\japar\.m2\repository\org\latencyutils\LatencyUtils\2.0.3\LatencyUtils-2.0.3.jar;C:\Users\japar\.m2\repository\org\hibernate\hibernate-envers\5.4.10.Final\hibernate-envers-5.4.10.Final.jar;C:\Users\japar\.m2\repository\org\jboss\logging\jboss-logging\3.4.1.Final\jboss-logging-3.4.1.Final.jar;C:\Users\japar\.m2\repository\org\springframework\security\spring-security-taglibs\5.2.1.RELEASE\spring-security-taglibs-5.2.1.RELEASE.jar;C:\Users\japar\.m2\repository\org\springframework\security\spring-security-acl\5.2.1.RELEASE\spring-security-acl-5.2.1.RELEASE.jar;C:\Users\japar\.m2\repository\org\springframework\security\spring-security-core\5.2.1.RELEASE\spring-security-core-5.2.1.RELEASE.jar;C:\Users\japar\.m2\repository\org\springframework\spring-beans\5.2.3.RELEASE\spring-beans-5.2.3.RELEASE.jar;C:\Users\japar\.m2\repository\org\springframework\spring-context\5.2.3.RELEASE\spring-context-5.2.3.RELEASE.jar;C:\Users\japar\.m2\repository\org\springframework\spring-core\5.2.3.RELEASE\spring-core-5.2.3.RELEASE.jar;C:\Users\japar\.m2\repository\org\springframework\spring-jcl\5.2.3.RELEASE\spring-jcl-5.2.3.RELEASE.jar;C:\Users\japar\.m2\repository\org\springframework\spring-expression\5.2.3.RELEASE\spring-expression-5.2.3.RELEASE.jar;C:\Users\japar\.m2\repository\org\springframework\security\spring-security-test\5.2.1.RELEASE\spring-security-test-5.2.1.RELEASE.jar;C:\Users\japar\.m2\repository\org\springframework\spring-test\5.2.3.RELEASE\spring-test-5.2.3.RELEASE.jar;C:\Users\japar\.m2\repository\com\h2database\h2\1.4.200\h2-1.4.200.jar;C:\Users\japar\.m2\repository\mysql\mysql-connector-java\8.0.19\mysql-connector-java-8.0.19.jar;C:\Users\japar\.m2\repository\javax\cache\cache-api\1.1.1\cache-api-1.1.1.jar;C:\Users\japar\.m2\repository\org\ehcache\ehcache\3.8.1\ehcache-3.8.1.jar;C:\Users\japar\.m2\repository\org\slf4j\slf4j-api\1.7.30\slf4j-api-1.7.30.jar;C:\Users\japar\.m2\repository\org\glassfish\jaxb\jaxb-runtime\2.3.2\jaxb-runtime-2.3.2.jar;C:\Users\japar\.m2\repository\org\glassfish\jaxb\txw2\2.3.2\txw2-2.3.2.jar;C:\Users\japar\.m2\repository\com\sun\istack\istack-commons-runtime\3.0.8\istack-commons-runtime-3.0.8.jar;C:\Users\japar\.m2\repository\org\jvnet\staxex\stax-ex\1.8.1\stax-ex-1.8.1.jar;C:\Users\japar\.m2\repository\com\sun\xml\fastinfoset\FastInfoset\1.2.16\FastInfoset-1.2.16.jar;C:\Users\japar\.m2\repository\javax\servlet\jstl\1.2\jstl-1.2.jar;C:\Users\japar\.m2\repository\org\apache\tomcat\embed\tomcat-embed-jasper\9.0.30\tomcat-embed-jasper-9.0.30.jar;C:\Users\japar\.m2\repository\org\apache\tomcat\embed\tomcat-embed-core\9.0.30\tomcat-embed-core-9.0.30.jar;C:\Users\japar\.m2\repository\org\apache\tomcat\tomcat-annotations-api\9.0.30\tomcat-annotations-api-9.0.30.jar;C:\Users\japar\.m2\repository\org\apache\tomcat\embed\tomcat-embed-el\9.0.30\tomcat-embed-el-9.0.30.jar;C:\Users\japar\.m2\repository\org\eclipse\jdt\ecj\3.18.0\ecj-3.18.0.jar;C:\Users\japar\.m2\repository\org\webjars\webjars-locator-core\0.41\webjars-locator-core-0.41.jar;C:\Users\japar\.m2\repository\io\github\classgraph\classgraph\4.8.44\classgraph-4.8.44.jar;C:\Users\japar\.m2\repository\com\fasterxml\jackson\core\jackson-core\2.10.2\jackson-core-2.10.2.jar;C:\Users\japar\.m2\repository\org\webjars\npm\angular__http\2.4.10\angular__http-2.4.10.jar;C:\Users\japar\.m2\repository\org\webjars\jquery\2.2.4\jquery-2.2.4.jar;C:\Users\japar\.m2\repository\org\webjars\jquery-ui\1.11.4\jquery-ui-1.11.4.jar;C:\Users\japar\.m2\repository\org\webjars\bootstrap\3.3.6\bootstrap-3.3.6.jar;C:\Users\japar\.m2\repository\org\webjars\ckeditor\4.14.0\ckeditor-4.14.0.jar;C:\Users\japar\.m2\repository\org\springframework\boot\spring-boot-starter-test\2.2.4.RELEASE\spring-boot-starter-test-2.2.4.RELEASE.jar;C:\Users\japar\.m2\repository\org\springframework\boot\spring-boot-test\2.2.4.RELEASE\spring-boot-test-2.2.4.RELEASE.jar;C:\Users\japar\.m2\repository\org\springframework\boot\spring-boot-test-autoconfigure\2.2.4.RELEASE\spring-boot-test-autoconfigure-2.2.4.RELEASE.jar;C:\Users\japar\.m2\repository\com\jayway\jsonpath\json-path\2.4.0\json-path-2.4.0.jar;C:\Users\japar\.m2\repository\net\minidev\json-smart\2.3\json-smart-2.3.jar;C:\Users\japar\.m2\repository\net\minidev\accessors-smart\1.2\accessors-smart-1.2.jar;C:\Users\japar\.m2\repository\org\ow2\asm\asm\5.0.4\asm-5.0.4.jar;C:\Users\japar\.m2\repository\jakarta\xml\bind\jakarta.xml.bind-api\2.3.2\jakarta.xml.bind-api-2.3.2.jar;C:\Users\japar\.m2\repository\org\junit\jupiter\junit-jupiter\5.5.2\junit-jupiter-5.5.2.jar;C:\Users\japar\.m2\repository\org\junit\jupiter\junit-jupiter-api\5.5.2\junit-jupiter-api-5.5.2.jar;C:\Users\japar\.m2\repository\org\apiguardian\apiguardian-api\1.1.0\apiguardian-api-1.1.0.jar;C:\Users\japar\.m2\repository\org\opentest4j\opentest4j\1.2.0\opentest4j-1.2.0.jar;C:\Users\japar\.m2\repository\org\junit\platform\junit-platform-commons\1.5.2\junit-platform-commons-1.5.2.jar;C:\Users\japar\.m2\repository\org\junit\jupiter\junit-jupiter-params\5.5.2\junit-jupiter-params-5.5.2.jar;C:\Users\japar\.m2\repository\org\junit\jupiter\junit-jupiter-engine\5.5.2\junit-jupiter-engine-5.5.2.jar;C:\Users\japar\.m2\repository\org\junit\platform\junit-platform-engine\1.5.2\junit-platform-engine-1.5.2.jar;C:\Users\japar\.m2\repository\org\mockito\mockito-junit-jupiter\3.1.0\mockito-junit-jupiter-3.1.0.jar;C:\Users\japar\.m2\repository\org\assertj\assertj-core\3.13.2\assertj-core-3.13.2.jar;C:\Users\japar\.m2\repository\org\hamcrest\hamcrest\2.1\hamcrest-2.1.jar;C:\Users\japar\.m2\repository\org\mockito\mockito-core\3.1.0\mockito-core-3.1.0.jar;C:\Users\japar\.m2\repository\net\bytebuddy\byte-buddy-agent\1.10.6\byte-buddy-agent-1.10.6.jar;C:\Users\japar\.m2\repository\org\objenesis\objenesis\2.6\objenesis-2.6.jar;C:\Users\japar\.m2\repository\org\skyscreamer\jsonassert\1.5.0\jsonassert-1.5.0.jar;C:\Users\japar\.m2\repository\com\vaadin\external\google\android-json\0.0.20131108.vaadin1\android-json-0.0.20131108.vaadin1.jar;C:\Users\japar\.m2\repository\org\xmlunit\xmlunit-core\2.6.3\xmlunit-core-2.6.3.jar;C:\Users\japar\.m2\repository\junit\junit\4.12\junit-4.12.jar;C:\Users\japar\.m2\repository\org\hamcrest\hamcrest-core\2.1\hamcrest-core-2.1.jar;C:\Users\japar\.m2\repository\org\projectlombok\lombok\1.18.10\lombok-1.18.10.jar;C:\Users\japar\.m2\repository\org\springframework\boot\spring-boot-devtools\2.2.4.RELEASE\spring-boot-devtools-2.2.4.RELEASE.jar;C:\Users\japar\.m2\repository\org\springframework\boot\spring-boot\2.2.4.RELEASE\spring-boot-2.2.4.RELEASE.jar;C:\Users\japar\.m2\repository\org\springframework\boot\spring-boot-autoconfigure\2.2.4.RELEASE\spring-boot-autoconfigure-2.2.4.RELEASE.jar;"/>
    <property name="git.branch" value="microservices"/>
    <property name="git.build.host" value="DESKTOP-NTO3O0L"/>
    <property name="java.vm.vendor" value="Oracle Corporation"/>
    <property name="sun.arch.data.model" value="64"/>
    <property name="user.variant" value=""/>
    <property name="git.commit.id" value="1dfc43be9d51363b6db568c6910627974a14c6c1"/>
    <property name="java.vendor.url" value="https://openjdk.java.net/"/>
    <property name="user.timezone" value="Europe/Paris"/>
    <property name="os.name" value="Windows 10"/>
    <property name="java.vm.specification.version" value="11"/>
    <property name="sun.java.launcher" value="SUN_STANDARD"/>
    <property name="user.country" value="ES"/>
    <property name="git.build.user.name" value="José Antonio Parejo Maestre"/>
    <property name="sun.boot.library.path" value="C:\Program Files\Java\jdk-11.0.9\bin"/>
    <property name="sun.java.command" value="C:\Users\japar\AppData\Local\Temp\surefire1761637682344520537\surefirebooter9452808275734052950.jar C:\Users\japar\AppData\Local\Temp\surefire1761637682344520537 2021-05-26T11-37-53_821-jvmRun1 surefire17621718005112438484tmp surefire_05140922073983678227tmp"/>
    <property name="jdk.debug" value="release"/>
    <property name="surefire.test.class.path" value="C:\Users\japar\Google Drive\Cursos\GrupoID\2021\MicroServicios\spring-petclinic\spring-petclinic-monolith\target\test-classes;C:\Users\japar\Google Drive\Cursos\GrupoID\2021\MicroServicios\spring-petclinic\spring-petclinic-monolith\target\classes;C:\Users\japar\.m2\repository\org\springframework\boot\spring-boot-starter-cache\2.2.4.RELEASE\spring-boot-starter-cache-2.2.4.RELEASE.jar;C:\Users\japar\.m2\repository\org\springframework\boot\spring-boot-starter\2.2.4.RELEASE\spring-boot-starter-2.2.4.RELEASE.jar;C:\Users\japar\.m2\repository\org\springframework\boot\spring-boot-starter-logging\2.2.4.RELEASE\spring-boot-starter-logging-2.2.4.RELEASE.jar;C:\Users\japar\.m2\repository\ch\qos\logback\logback-classic\1.2.3\logback-classic-1.2.3.jar;C:\Users\japar\.m2\repository\ch\qos\logback\logback-core\1.2.3\logback-core-1.2.3.jar;C:\Users\japar\.m2\repository\org\apache\logging\log4j\log4j-to-slf4j\2.12.1\log4j-to-slf4j-2.12.1.jar;C:\Users\japar\.m2\repository\org\apache\logging\log4j\log4j-api\2.12.1\log4j-api-2.12.1.jar;C:\Users\japar\.m2\repository\org\slf4j\jul-to-slf4j\1.7.30\jul-to-slf4j-1.7.30.jar;C:\Users\japar\.m2\repository\jakarta\annotation\jakarta.annotation-api\1.3.5\jakarta.annotation-api-1.3.5.jar;C:\Users\japar\.m2\repository\org\yaml\snakeyaml\1.25\snakeyaml-1.25.jar;C:\Users\japar\.m2\repository\org\springframework\spring-context-support\5.2.3.RELEASE\spring-context-support-5.2.3.RELEASE.jar;C:\Users\japar\.m2\repository\org\springframework\boot\spring-boot-starter-data-jpa\2.2.4.RELEASE\spring-boot-starter-data-jpa-2.2.4.RELEASE.jar;C:\Users\japar\.m2\repository\org\springframework\boot\spring-boot-starter-aop\2.2.4.RELEASE\spring-boot-starter-aop-2.2.4.RELEASE.jar;C:\Users\japar\.m2\repository\org\aspectj\aspectjweaver\1.9.5\aspectjweaver-1.9.5.jar;C:\Users\japar\.m2\repository\org\springframework\boot\spring-boot-starter-jdbc\2.2.4.RELEASE\spring-boot-starter-jdbc-2.2.4.RELEASE.jar;C:\Users\japar\.m2\repository\com\zaxxer\HikariCP\3.4.2\HikariCP-3.4.2.jar;C:\Users\japar\.m2\repository\org\springframework\spring-jdbc\5.2.3.RELEASE\spring-jdbc-5.2.3.RELEASE.jar;C:\Users\japar\.m2\repository\jakarta\activation\jakarta.activation-api\1.2.1\jakarta.activation-api-1.2.1.jar;C:\Users\japar\.m2\repository\jakarta\persistence\jakarta.persistence-api\2.2.3\jakarta.persistence-api-2.2.3.jar;C:\Users\japar\.m2\repository\jakarta\transaction\jakarta.transaction-api\1.3.3\jakarta.transaction-api-1.3.3.jar;C:\Users\japar\.m2\repository\org\hibernate\hibernate-core\5.4.10.Final\hibernate-core-5.4.10.Final.jar;C:\Users\japar\.m2\repository\org\javassist\javassist\3.24.0-GA\javassist-3.24.0-GA.jar;C:\Users\japar\.m2\repository\net\bytebuddy\byte-buddy\1.10.6\byte-buddy-1.10.6.jar;C:\Users\japar\.m2\repository\antlr\antlr\2.7.7\antlr-2.7.7.jar;C:\Users\japar\.m2\repository\org\jboss\jandex\2.1.1.Final\jandex-2.1.1.Final.jar;C:\Users\japar\.m2\repository\com\fasterxml\classmate\1.5.1\classmate-1.5.1.jar;C:\Users\japar\.m2\repository\org\dom4j\dom4j\2.1.1\dom4j-2.1.1.jar;C:\Users\japar\.m2\repository\org\hibernate\common\hibernate-commons-annotations\5.1.0.Final\hibernate-commons-annotations-5.1.0.Final.jar;C:\Users\japar\.m2\repository\org\springframework\data\spring-data-jpa\2.2.4.RELEASE\spring-data-jpa-2.2.4.RELEASE.jar;C:\Users\japar\.m2\repository\org\springframework\data\spring-data-commons\2.2.4.RELEASE\spring-data-commons-2.2.4.RELEASE.jar;C:\Users\japar\.m2\repository\org\springframework\spring-orm\5.2.3.RELEASE\spring-orm-5.2.3.RELEASE.jar;C:\Users\japar\.m2\repository\org\springframework\spring-tx\5.2.3.RELEASE\spring-tx-5.2.3.RELEASE.jar;C:\Users\japar\.m2\repository\org\springframework\spring-aspects\5.2.3.RELEASE\spring-aspects-5.2.3.RELEASE.jar;C:\Users\japar\.m2\repository\org\springframework\boot\spring-boot-starter-web\2.2.4.RELEASE\spring-boot-starter-web-2.2.4.RELEASE.jar;C:\Users\japar\.m2\repository\org\springframework\boot\spring-boot-starter-json\2.2.4.RELEASE\spring-boot-starter-json-2.2.4.RELEASE.jar;C:\Users\japar\.m2\repository\com\fasterxml\jackson\core\jackson-databind\2.10.2\jackson-databind-2.10.2.jar;C:\Users\japar\.m2\repository\com\fasterxml\jackson\core\jackson-annotations\2.10.2\jackson-annotations-2.10.2.jar;C:\Users\japar\.m2\repository\com\fasterxml\jackson\datatype\jackson-datatype-jdk8\2.10.2\jackson-datatype-jdk8-2.10.2.jar;C:\Users\japar\.m2\repository\com\fasterxml\jackson\datatype\jackson-datatype-jsr310\2.10.2\jackson-datatype-jsr310-2.10.2.jar;C:\Users\japar\.m2\repository\com\fasterxml\jackson\module\jackson-module-parameter-names\2.10.2\jackson-module-parameter-names-2.10.2.jar;C:\Users\japar\.m2\repository\org\springframework\boot\spring-boot-starter-tomcat\2.2.4.RELEASE\spring-boot-starter-tomcat-2.2.4.RELEASE.jar;C:\Users\japar\.m2\repository\org\apache\tomcat\embed\tomcat-embed-websocket\9.0.30\tomcat-embed-websocket-9.0.30.jar;C:\Users\japar\.m2\repository\org\springframework\boot\spring-boot-starter-validation\2.2.4.RELEASE\spring-boot-starter-validation-2.2.4.RELEASE.jar;C:\Users\japar\.m2\repository\jakarta\validation\jakarta.validation-api\2.0.2\jakarta.validation-api-2.0.2.jar;C:\Users\japar\.m2\repository\org\hibernate\validator\hibernate-validator\6.0.18.Final\hibernate-validator-6.0.18.Final.jar;C:\Users\japar\.m2\repository\org\springframework\spring-web\5.2.3.RELEASE\spring-web-5.2.3.RELEASE.jar;C:\Users\japar\.m2\repository\org\springframework\spring-webmvc\5.2.3.RELEASE\spring-webmvc-5.2.3.RELEASE.jar;C:\Users\japar\.m2\repository\org\springframework\boot\spring-boot-starter-security\2.2.4.RELEASE\spring-boot-starter-security-2.2.4.RELEASE.jar;C:\Users\japar\.m2\repository\org\springframework\spring-aop\5.2.3.RELEASE\spring-aop-5.2.3.RELEASE.jar;C:\Users\japar\.m2\repository\org\springframework\security\spring-security-config\5.2.1.RELEASE\spring-security-config-5.2.1.RELEASE.jar;C:\Users\japar\.m2\repository\org\springframework\security\spring-security-web\5.2.1.RELEASE\spring-security-web-5.2.1.RELEASE.jar;C:\Users\japar\.m2\repository\org\springframework\boot\spring-boot-starter-actuator\2.2.4.RELEASE\spring-boot-starter-actuator-2.2.4.RELEASE.jar;C:\Users\japar\.m2\repository\org\springframework\boot\spring-boot-actuator-autoconfigure\2.2.4.RELEASE\spring-boot-actuator-autoconfigure-2.2.4.RELEASE.jar;C:\Users\japar\.m2\repository\org\springframework\boot\spring-boot-actuator\2.2.4.RELEASE\spring-boot-actuator-2.2.4.RELEASE.jar;C:\Users\japar\.m2\repository\io\micrometer\micrometer-core\1.3.2\micrometer-core-1.3.2.jar;C:\Users\japar\.m2\repository\org\hdrhistogram\HdrHistogram\2.1.11\HdrHistogram-2.1.11.jar;C:\Users\japar\.m2\repository\org\latencyutils\LatencyUtils\2.0.3\LatencyUtils-2.0.3.jar;C:\Users\japar\.m2\repository\org\hibernate\hibernate-envers\5.4.10.Final\hibernate-envers-5.4.10.Final.jar;C:\Users\japar\.m2\repository\org\jboss\logging\jboss-logging\3.4.1.Final\jboss-logging-3.4.1.Final.jar;C:\Users\japar\.m2\repository\org\springframework\security\spring-security-taglibs\5.2.1.RELEASE\spring-security-taglibs-5.2.1.RELEASE.jar;C:\Users\japar\.m2\repository\org\springframework\security\spring-security-acl\5.2.1.RELEASE\spring-security-acl-5.2.1.RELEASE.jar;C:\Users\japar\.m2\repository\org\springframework\security\spring-security-core\5.2.1.RELEASE\spring-security-core-5.2.1.RELEASE.jar;C:\Users\japar\.m2\repository\org\springframework\spring-beans\5.2.3.RELEASE\spring-beans-5.2.3.RELEASE.jar;C:\Users\japar\.m2\repository\org\springframework\spring-context\5.2.3.RELEASE\spring-context-5.2.3.RELEASE.jar;C:\Users\japar\.m2\repository\org\springframework\spring-core\5.2.3.RELEASE\spring-core-5.2.3.RELEASE.jar;C:\Users\japar\.m2\repository\org\springframework\spring-jcl\5.2.3.RELEASE\spring-jcl-5.2.3.RELEASE.jar;C:\Users\japar\.m2\repository\org\springframework\spring-expression\5.2.3.RELEASE\spring-expression-5.2.3.RELEASE.jar;C:\Users\japar\.m2\repository\org\springframework\security\spring-security-test\5.2.1.RELEASE\spring-security-test-5.2.1.RELEASE.jar;C:\Users\japar\.m2\repository\org\springframework\spring-test\5.2.3.RELEASE\spring-test-5.2.3.RELEASE.jar;C:\Users\japar\.m2\repository\com\h2database\h2\1.4.200\h2-1.4.200.jar;C:\Users\japar\.m2\repository\mysql\mysql-connector-java\8.0.19\mysql-connector-java-8.0.19.jar;C:\Users\japar\.m2\repository\javax\cache\cache-api\1.1.1\cache-api-1.1.1.jar;C:\Users\japar\.m2\repository\org\ehcache\ehcache\3.8.1\ehcache-3.8.1.jar;C:\Users\japar\.m2\repository\org\slf4j\slf4j-api\1.7.30\slf4j-api-1.7.30.jar;C:\Users\japar\.m2\repository\org\glassfish\jaxb\jaxb-runtime\2.3.2\jaxb-runtime-2.3.2.jar;C:\Users\japar\.m2\repository\org\glassfish\jaxb\txw2\2.3.2\txw2-2.3.2.jar;C:\Users\japar\.m2\repository\com\sun\istack\istack-commons-runtime\3.0.8\istack-commons-runtime-3.0.8.jar;C:\Users\japar\.m2\repository\org\jvnet\staxex\stax-ex\1.8.1\stax-ex-1.8.1.jar;C:\Users\japar\.m2\repository\com\sun\xml\fastinfoset\FastInfoset\1.2.16\FastInfoset-1.2.16.jar;C:\Users\japar\.m2\repository\javax\servlet\jstl\1.2\jstl-1.2.jar;C:\Users\japar\.m2\repository\org\apache\tomcat\embed\tomcat-embed-jasper\9.0.30\tomcat-embed-jasper-9.0.30.jar;C:\Users\japar\.m2\repository\org\apache\tomcat\embed\tomcat-embed-core\9.0.30\tomcat-embed-core-9.0.30.jar;C:\Users\japar\.m2\repository\org\apache\tomcat\tomcat-annotations-api\9.0.30\tomcat-annotations-api-9.0.30.jar;C:\Users\japar\.m2\repository\org\apache\tomcat\embed\tomcat-embed-el\9.0.30\tomcat-embed-el-9.0.30.jar;C:\Users\japar\.m2\repository\org\eclipse\jdt\ecj\3.18.0\ecj-3.18.0.jar;C:\Users\japar\.m2\repository\org\webjars\webjars-locator-core\0.41\webjars-locator-core-0.41.jar;C:\Users\japar\.m2\repository\io\github\classgraph\classgraph\4.8.44\classgraph-4.8.44.jar;C:\Users\japar\.m2\repository\com\fasterxml\jackson\core\jackson-core\2.10.2\jackson-core-2.10.2.jar;C:\Users\japar\.m2\repository\org\webjars\npm\angular__http\2.4.10\angular__http-2.4.10.jar;C:\Users\japar\.m2\repository\org\webjars\jquery\2.2.4\jquery-2.2.4.jar;C:\Users\japar\.m2\repository\org\webjars\jquery-ui\1.11.4\jquery-ui-1.11.4.jar;C:\Users\japar\.m2\repository\org\webjars\bootstrap\3.3.6\bootstrap-3.3.6.jar;C:\Users\japar\.m2\repository\org\webjars\ckeditor\4.14.0\ckeditor-4.14.0.jar;C:\Users\japar\.m2\repository\org\springframework\boot\spring-boot-starter-test\2.2.4.RELEASE\spring-boot-starter-test-2.2.4.RELEASE.jar;C:\Users\japar\.m2\repository\org\springframework\boot\spring-boot-test\2.2.4.RELEASE\spring-boot-test-2.2.4.RELEASE.jar;C:\Users\japar\.m2\repository\org\springframework\boot\spring-boot-test-autoconfigure\2.2.4.RELEASE\spring-boot-test-autoconfigure-2.2.4.RELEASE.jar;C:\Users\japar\.m2\repository\com\jayway\jsonpath\json-path\2.4.0\json-path-2.4.0.jar;C:\Users\japar\.m2\repository\net\minidev\json-smart\2.3\json-smart-2.3.jar;C:\Users\japar\.m2\repository\net\minidev\accessors-smart\1.2\accessors-smart-1.2.jar;C:\Users\japar\.m2\repository\org\ow2\asm\asm\5.0.4\asm-5.0.4.jar;C:\Users\japar\.m2\repository\jakarta\xml\bind\jakarta.xml.bind-api\2.3.2\jakarta.xml.bind-api-2.3.2.jar;C:\Users\japar\.m2\repository\org\junit\jupiter\junit-jupiter\5.5.2\junit-jupiter-5.5.2.jar;C:\Users\japar\.m2\repository\org\junit\jupiter\junit-jupiter-api\5.5.2\junit-jupiter-api-5.5.2.jar;C:\Users\japar\.m2\repository\org\apiguardian\apiguardian-api\1.1.0\apiguardian-api-1.1.0.jar;C:\Users\japar\.m2\repository\org\opentest4j\opentest4j\1.2.0\opentest4j-1.2.0.jar;C:\Users\japar\.m2\repository\org\junit\platform\junit-platform-commons\1.5.2\junit-platform-commons-1.5.2.jar;C:\Users\japar\.m2\repository\org\junit\jupiter\junit-jupiter-params\5.5.2\junit-jupiter-params-5.5.2.jar;C:\Users\japar\.m2\repository\org\junit\jupiter\junit-jupiter-engine\5.5.2\junit-jupiter-engine-5.5.2.jar;C:\Users\japar\.m2\repository\org\junit\platform\junit-platform-engine\1.5.2\junit-platform-engine-1.5.2.jar;C:\Users\japar\.m2\repository\org\mockito\mockito-junit-jupiter\3.1.0\mockito-junit-jupiter-3.1.0.jar;C:\Users\japar\.m2\repository\org\assertj\assertj-core\3.13.2\assertj-core-3.13.2.jar;C:\Users\japar\.m2\repository\org\hamcrest\hamcrest\2.1\hamcrest-2.1.jar;C:\Users\japar\.m2\repository\org\mockito\mockito-core\3.1.0\mockito-core-3.1.0.jar;C:\Users\japar\.m2\repository\net\bytebuddy\byte-buddy-agent\1.10.6\byte-buddy-agent-1.10.6.jar;C:\Users\japar\.m2\repository\org\objenesis\objenesis\2.6\objenesis-2.6.jar;C:\Users\japar\.m2\repository\org\skyscreamer\jsonassert\1.5.0\jsonassert-1.5.0.jar;C:\Users\japar\.m2\repository\com\vaadin\external\google\android-json\0.0.20131108.vaadin1\android-json-0.0.20131108.vaadin1.jar;C:\Users\japar\.m2\repository\org\xmlunit\xmlunit-core\2.6.3\xmlunit-core-2.6.3.jar;C:\Users\japar\.m2\repository\junit\junit\4.12\junit-4.12.jar;C:\Users\japar\.m2\repository\org\hamcrest\hamcrest-core\2.1\hamcrest-core-2.1.jar;C:\Users\japar\.m2\repository\org\projectlombok\lombok\1.18.10\lombok-1.18.10.jar;C:\Users\japar\.m2\repository\org\springframework\boot\spring-boot-devtools\2.2.4.RELEASE\spring-boot-devtools-2.2.4.RELEASE.jar;C:\Users\japar\.m2\repository\org\springframework\boot\spring-boot\2.2.4.RELEASE\spring-boot-2.2.4.RELEASE.jar;C:\Users\japar\.m2\repository\org\springframework\boot\spring-boot-autoconfigure\2.2.4.RELEASE\spring-boot-autoconfigure-2.2.4.RELEASE.jar;"/>
    <property name="sun.cpu.endian" value="little"/>
    <property name="user.home" value="C:\Users\japar"/>
    <property name="user.language" value="es"/>
    <property name="git.closest.tag.commit.count" value=""/>
    <property name="java.specification.vendor" value="Oracle Corporation"/>
    <property name="java.version.date" value="2020-10-20"/>
    <property name="java.home" value="C:\Program Files\Java\jdk-11.0.9"/>
    <property name="git.total.commit.count" value="758"/>
    <property name="file.separator" value="\"/>
    <property name="basedir" value="C:\Users\japar\Google Drive\Cursos\GrupoID\2021\MicroServicios\spring-petclinic\spring-petclinic-monolith"/>
    <property name="java.vm.compressedOopsMode" value="32-bit"/>
    <property name="line.separator" value="&#10;"/>
    <property name="git.build.user.email" value="japarejo@gmail.com"/>
    <property name="java.specification.name" value="Java Platform API Specification"/>
    <property name="java.vm.specification.vendor" value="Oracle Corporation"/>
    <property name="java.awt.graphicsenv" value="sun.awt.Win32GraphicsEnvironment"/>
    <property name="git.closest.tag.name" value=""/>
    <property name="git.local.branch.ahead" value="NO_REMOTE"/>
    <property name="git.build.time" value="2021-05-26T11:36:35+0200"/>
    <property name="surefire.real.class.path" value="C:\Users\japar\AppData\Local\Temp\surefire1761637682344520537\surefirebooter9452808275734052950.jar"/>
    <property name="git.commit.message.full" value="Added controller security test for PetController."/>
    <property name="user.script" value=""/>
    <property name="sun.management.compiler" value="HotSpot 64-Bit Tiered Compilers"/>
    <property name="java.runtime.version" value="11.0.9+7-LTS"/>
    <property name="user.name" value="japar"/>
    <property name="path.separator" value=";"/>
    <property name="os.version" value="10.0"/>
    <property name="java.runtime.name" value="Java(TM) SE Runtime Environment"/>
    <property name="file.encoding" value="Cp1252"/>
    <property name="git.commit.user.email" value="japarejo@gmail.com"/>
    <property name="java.vm.name" value="Java HotSpot(TM) 64-Bit Server VM"/>
    <property name="java.vendor.version" value="18.9"/>
    <property name="git.local.branch.behind" value="NO_REMOTE"/>
    <property name="git.dirty" value="true"/>
    <property name="localRepository" value="C:\Users\japar\.m2\repository"/>
    <property name="java.vendor.url.bug" value="https://bugreport.java.com/bugreport/"/>
    <property name="java.io.tmpdir" value="C:\Users\japar\AppData\Local\Temp\"/>
    <property name="java.version" value="11.0.9"/>
    <property name="user.dir" value="C:\Users\japar\Google Drive\Cursos\GrupoID\2021\MicroServicios\spring-petclinic\spring-petclinic-monolith"/>
    <property name="os.arch" value="amd64"/>
    <property name="git.commit.user.name" value="José Antonio Parejo Maestre"/>
    <property name="git.commit.id.abbrev" value="1dfc43b"/>
    <property name="java.vm.specification.name" value="Java Virtual Machine Specification"/>
    <property name="java.awt.printerjob" value="sun.awt.windows.WPrinterJob"/>
    <property name="git.commit.id.describe-short" value="1dfc43b-dirty"/>
    <property name="sun.os.patch.level" value=""/>
    <property name="git.commit.id.describe" value="1dfc43b-dirty"/>
    <property name="java.library.path" value="C:\Program Files\Java\jdk-11.0.9\bin;C:\WINDOWS\Sun\Java\bin;C:\WINDOWS\system32;C:\WINDOWS;C:\ProgramData\Anaconda3;C:\ProgramData\Anaconda3\Library\mingw-w64\bin;C:\ProgramData\Anaconda3\Library\usr\bin;C:\ProgramData\Anaconda3\Library\bin;C:\ProgramData\Anaconda3\Scripts;C:\WINDOWS\system32;C:\WINDOWS;C:\WINDOWS\System32\Wbem;C:\WINDOWS\System32\WindowsPowerShell\v1.0\;C:\WINDOWS\System32\OpenSSH\;C:\Program Files\PuTTY\;C:\Program Files\MiKTeX\miktex\bin\x64\;C:\Program Files\nodejs\;C:\ProgramData\chocolatey\bin;C:\Program Files\TortoiseGit\bin;C:\Program Files\AutoFirma\AutoFirma;C:\Program Files\Java\jdk-11.0.9\bin;C:\Android;C:\Windows\System32;C:\Program Files\Git\cmd;C:\Program Files\MiniZinc;C:\Program Files\MiniZinc\bin;C:\Program Files\MiniZinc\platforms;C:\Program Files\Docker\Docker\resources\bin;C:\ProgramData\DockerDesktop\version-bin;C:\Users\japar\AppData\Local\Programs\Python\Python39\Scripts\;C:\Users\japar\AppData\Local\Programs\Python\Python39\;C:\Users\japar\AppData\Local\Microsoft\WindowsApps;C:\Users\japar\AppData\Roaming\npm;C:\Users\japar\AppData\Local\Programs\Microsoft VS Code\bin;C:\workspace\apache-maven-3.6.3\bin;C:\Program Files\Java\jdk-14.0.1\bin;C:\Program Files\MiniZinc;C:\Users\japar\AppData\Local\gitkraken\bin;;."/>
    <property name="git.commit.message.short" value="Added controller security test for PetController."/>
    <property name="java.vendor" value="Oracle Corporation"/>
    <property name="java.vm.info" value="mixed mode"/>
    <property name="java.vm.version" value="11.0.9+7-LTS"/>
    <property name="sun.io.unicode.encoding" value="UnicodeLittle"/>
    <property name="java.class.version" value="55.0"/>
    <property name="git.commit.time" value="2021-01-17T20:27:25+0100"/>
    <property name="git.remote.origin.url" value="https://github.com/japarejo/spring-petclinic.git"/>
  </properties>
  <testcase name="shouldFindOwnersByLastName" classname="org.springframework.samples.petclinic.service.OwnerServiceTests" time="7.645"/>
  <testcase name="shouldUpdateOwner" classname="org.springframework.samples.petclinic.service.OwnerServiceTests" time="4.586"/>
  <testcase name="shouldInsertOwner" classname="org.springframework.samples.petclinic.service.OwnerServiceTests" time="2.919"/>
  <testcase name="shouldFindSingleOwnerWithPet" classname="org.springframework.samples.petclinic.service.OwnerServiceTests" time="4.103"/>
</testsuite>